<?xml version="1.0" encoding="UTF-8"?>
<!-- Generated by org.testng.reporters.JUnitXMLReporter -->
<testsuite ignored="0" hostname="DESKTOP-30BLTC2" failures="0" tests="5" name="Surefire test" time="0.149" errors="0" timestamp="2023-11-07T14:14:20 IST">
  <testcase classname="grt.UserValidationTest" name="testCase1" time="0.041"/>
  <testcase classname="grt.UserValidationTest" name="testCase2" time="0.001"/>
  <testcase classname="grt.UserValidationTest" name="testCase3" time="0.001"/>
  <testcase classname="grt.UserValidationTest" name="testCase4" time="0.001"/>
  <testcase classname="grt.UserValidationTest" name="testCase5" time="0.001"/>
</testsuite> <!-- Surefire test -->
